2023-11-10T01:02:55.728-03:00  INFO 38688 --- [main] o.s.c.c.c.ConfigServerConfigDataLoader   : Fetching config from server at : http://localhost:8888
2023-11-10T01:02:55.729-03:00  INFO 38688 --- [main] o.s.c.c.c.ConfigServerConfigDataLoader   : Located environment: name=albums-ws, profiles=[default], label=null, version=684c37c5af171f73c2d953bf418776d6bb23979e, state=null
2023-11-10T01:02:58.273-03:00  INFO 38688 --- [main] c.c.c.ConfigServicePropertySourceLocator : Fetching config from server at : http://localhost:8888
2023-11-10T01:02:59.455-03:00  INFO 38688 --- [main] c.c.c.ConfigServicePropertySourceLocator : Located environment: name=albums-ws, profiles=[default], label=null, version=684c37c5af171f73c2d953bf418776d6bb23979e, state=null
2023-11-10T01:02:59.457-03:00  INFO 38688 --- [main] b.c.PropertySourceBootstrapConfiguration : Located property source: [BootstrapPropertySource {name='bootstrapProperties-configClient'}, BootstrapPropertySource {name='bootstrapProperties-https://github.com/pblgllgs/config-server-j17-sb3.git/albums-ws.yml'}]
2023-11-10T01:02:59.464-03:00  INFO 38688 --- [main] c.p.album.AlbumServiceApplication        : No active profile set, falling back to 1 default profile: "default"
2023-11-10T01:02:59.472-03:00  INFO 38688 --- [main] o.s.c.c.c.ConfigServerConfigDataLoader   : Fetching config from server at : http://localhost:8888
2023-11-10T01:02:59.472-03:00  INFO 38688 --- [main] o.s.c.c.c.ConfigServerConfigDataLoader   : Located environment: name=albums-ws, profiles=[default], label=null, version=684c37c5af171f73c2d953bf418776d6bb23979e, state=null
2023-11-10T01:02:59.918-03:00  INFO 38688 --- [main] .s.d.r.c.RepositoryConfigurationDelegate : Bootstrapping Spring Data JPA repositories in DEFAULT mode.
2023-11-10T01:03:00.003-03:00  INFO 38688 --- [main] .s.d.r.c.RepositoryConfigurationDelegate : Finished Spring Data repository scanning in 80 ms. Found 1 JPA repository interfaces.
2023-11-10T01:03:00.148-03:00  INFO 38688 --- [main] o.s.cloud.context.scope.GenericScope     : BeanFactory id=72964fad-0963-32d3-ad9d-877f9df658c9
2023-11-10T01:03:00.401-03:00  INFO 38688 --- [main] o.s.b.w.embedded.tomcat.TomcatWebServer  : Tomcat initialized with port(s): 8081 (http)
2023-11-10T01:03:00.406-03:00  INFO 38688 --- [main] o.apache.catalina.core.StandardService   : Starting service [Tomcat]
2023-11-10T01:03:00.407-03:00  INFO 38688 --- [main] o.apache.catalina.core.StandardEngine    : Starting Servlet engine: [Apache Tomcat/10.1.15]
2023-11-10T01:03:00.472-03:00  INFO 38688 --- [main] o.a.c.c.C.[Tomcat].[localhost].[/]       : Initializing Spring embedded WebApplicationContext
2023-11-10T01:03:00.472-03:00  INFO 38688 --- [main] w.s.c.ServletWebServerApplicationContext : Root WebApplicationContext: initialization completed in 1000 ms
2023-11-10T01:03:00.677-03:00  INFO 38688 --- [main] o.hibernate.jpa.internal.util.LogHelper  : HHH000204: Processing PersistenceUnitInfo [name: default]
2023-11-10T01:03:00.709-03:00  INFO 38688 --- [main] org.hibernate.Version                    : HHH000412: Hibernate ORM core version 6.2.13.Final
2023-11-10T01:03:00.711-03:00  INFO 38688 --- [main] org.hibernate.cfg.Environment            : HHH000406: Using bytecode reflection optimizer
2023-11-10T01:03:00.873-03:00  INFO 38688 --- [main] o.s.o.j.p.SpringPersistenceUnitInfo      : No LoadTimeWeaver setup: ignoring JPA class transformer
2023-11-10T01:03:00.891-03:00  INFO 38688 --- [main] com.zaxxer.hikari.HikariDataSource       : HikariPool-1 - Starting...
2023-11-10T01:03:01.080-03:00  INFO 38688 --- [main] com.zaxxer.hikari.pool.HikariPool        : HikariPool-1 - Added connection com.mysql.cj.jdbc.ConnectionImpl@5e6bbe63
2023-11-10T01:03:01.082-03:00  INFO 38688 --- [main] com.zaxxer.hikari.HikariDataSource       : HikariPool-1 - Start completed.
2023-11-10T01:03:01.116-03:00  WARN 38688 --- [main] org.hibernate.orm.deprecation            : HHH90000025: MySQLDialect does not need to be specified explicitly using 'hibernate.dialect' (remove the property setting and it will be selected by default)
2023-11-10T01:03:01.612-03:00  INFO 38688 --- [main] o.h.e.t.j.p.i.JtaPlatformInitiator       : HHH000489: No JTA platform available (set 'hibernate.transaction.jta.platform' to enable JTA platform integration)
2023-11-10T01:03:01.677-03:00  INFO 38688 --- [main] j.LocalContainerEntityManagerFactoryBean : Initialized JPA EntityManagerFactory for persistence unit 'default'
2023-11-10T01:03:01.898-03:00  WARN 38688 --- [main] JpaBaseConfiguration$JpaWebConfiguration : spring.jpa.open-in-view is enabled by default. Therefore, database queries may be performed during view rendering. Explicitly configure spring.jpa.open-in-view to disable this warning
2023-11-10T01:03:01.918-03:00  WARN 38688 --- [main] .s.s.UserDetailsServiceAutoConfiguration : 

Using generated security password: f1d141e0-87fa-4a18-93c3-09297687adbd

This generated password is for development use only. Your security configuration must be updated before running your application in production.

2023-11-10T01:03:01.993-03:00  INFO 38688 --- [main] o.s.s.web.DefaultSecurityFilterChain     : Will secure any request with [org.springframework.security.web.session.DisableEncodeUrlFilter@4537c9f8, org.springframework.security.web.context.request.async.WebAsyncManagerIntegrationFilter@698e2cba, org.springframework.security.web.context.SecurityContextHolderFilter@63f093a, org.springframework.security.web.header.HeaderWriterFilter@c358f32, org.springframework.security.web.authentication.logout.LogoutFilter@5bdfae42, com.pblgllgs.album.filters.AuthorizationFilter@6cf47d05, org.springframework.security.web.savedrequest.RequestCacheAwareFilter@e36a4c1, org.springframework.security.web.servletapi.SecurityContextHolderAwareRequestFilter@7d90d4c6, org.springframework.security.web.authentication.AnonymousAuthenticationFilter@38f704f4, org.springframework.security.web.session.SessionManagementFilter@485dfac9, org.springframework.security.web.access.ExceptionTranslationFilter@16a30d66, org.springframework.security.web.access.intercept.AuthorizationFilter@55880c]
2023-11-10T01:03:03.393-03:00  INFO 38688 --- [main] o.s.cloud.commons.util.InetUtils         : Cannot determine local hostname
2023-11-10T01:03:04.768-03:00  INFO 38688 --- [main] o.s.cloud.commons.util.InetUtils         : Cannot determine local hostname
2023-11-10T01:03:04.775-03:00  INFO 38688 --- [main] DiscoveryClientOptionalArgsConfiguration : Eureka HTTP Client uses RestTemplate.
2023-11-10T01:03:04.803-03:00  WARN 38688 --- [main] iguration$LoadBalancerCaffeineWarnLogger : Spring Cloud LoadBalancer is currently working with the default cache. While this cache implementation is useful for development and tests, it's recommended to use Caffeine cache in production.You can switch to using Caffeine cache, by adding it and org.springframework.cache.caffeine.CaffeineCacheManager to the classpath.
2023-11-10T01:03:04.808-03:00  INFO 38688 --- [main] o.s.b.a.e.web.EndpointLinksResolver      : Exposing 1 endpoint(s) beneath base path '/actuator'
2023-11-10T01:03:04.871-03:00  INFO 38688 --- [main] o.s.c.n.eureka.InstanceInfoFactory       : Setting initial instance status as: STARTING
2023-11-10T01:03:04.903-03:00  INFO 38688 --- [main] com.netflix.discovery.DiscoveryClient    : Initializing Eureka in region us-east-1
2023-11-10T01:03:04.906-03:00  INFO 38688 --- [main] c.n.d.s.r.aws.ConfigClusterResolver      : Resolving eureka endpoints via configuration
2023-11-10T01:03:04.925-03:00  INFO 38688 --- [main] com.netflix.discovery.DiscoveryClient    : Disable delta property : false
2023-11-10T01:03:04.925-03:00  INFO 38688 --- [main] com.netflix.discovery.DiscoveryClient    : Single vip registry refresh property : null
2023-11-10T01:03:04.925-03:00  INFO 38688 --- [main] com.netflix.discovery.DiscoveryClient    : Force full registry fetch : false
2023-11-10T01:03:04.925-03:00  INFO 38688 --- [main] com.netflix.discovery.DiscoveryClient    : Application is null : false
2023-11-10T01:03:04.925-03:00  INFO 38688 --- [main] com.netflix.discovery.DiscoveryClient    : Registered Applications size is zero : true
2023-11-10T01:03:04.925-03:00  INFO 38688 --- [main] com.netflix.discovery.DiscoveryClient    : Application version is -1: true
2023-11-10T01:03:04.925-03:00  INFO 38688 --- [main] com.netflix.discovery.DiscoveryClient    : Getting all instance registry info from the eureka server
2023-11-10T01:03:05.069-03:00  INFO 38688 --- [main] com.netflix.discovery.DiscoveryClient    : The response status is 200
2023-11-10T01:03:05.073-03:00  INFO 38688 --- [main] com.netflix.discovery.DiscoveryClient    : Starting heartbeat executor: renew interval is: 30
2023-11-10T01:03:05.077-03:00  INFO 38688 --- [main] c.n.discovery.InstanceInfoReplicator     : InstanceInfoReplicator onDemand update allowed rate per min is 4
2023-11-10T01:03:05.085-03:00  INFO 38688 --- [main] com.netflix.discovery.DiscoveryClient    : Discovery Client initialized at timestamp 1699588985085 with initial instances count: 2
2023-11-10T01:03:05.088-03:00  INFO 38688 --- [main] o.s.c.n.e.s.EurekaServiceRegistry        : Registering application ALBUMS-WS with eureka with status UP
2023-11-10T01:03:05.088-03:00  INFO 38688 --- [main] com.netflix.discovery.DiscoveryClient    : Saw local status change event StatusChangeEvent [timestamp=1699588985088, current=UP, previous=STARTING]
2023-11-10T01:03:05.089-03:00  INFO 38688 --- [DiscoveryClient-InstanceInfoReplicator-0] com.netflix.discovery.DiscoveryClient    : DiscoveryClient_ALBUMS-WS/albums-ws:6b1cf1e1dab9dedb80cb1f25c44a2677: registering service...
2023-11-10T01:03:05.103-03:00  INFO 38688 --- [main] o.s.b.w.embedded.tomcat.TomcatWebServer  : Tomcat started on port(s): 8081 (http) with context path ''
2023-11-10T01:03:05.103-03:00  INFO 38688 --- [main] .s.c.n.e.s.EurekaAutoServiceRegistration : Updating port to 8081
2023-11-10T01:03:05.117-03:00  INFO 38688 --- [DiscoveryClient-InstanceInfoReplicator-0] com.netflix.discovery.DiscoveryClient    : DiscoveryClient_ALBUMS-WS/albums-ws:6b1cf1e1dab9dedb80cb1f25c44a2677 - registration status: 204
2023-11-10T01:03:06.266-03:00  INFO 38688 --- [main] o.s.cloud.commons.util.InetUtils         : Cannot determine local hostname
2023-11-10T01:03:06.278-03:00  INFO 38688 --- [main] c.p.album.AlbumServiceApplication        : Started AlbumServiceApplication in 14.557 seconds (process running for 14.982)
2023-11-10T01:03:06.645-03:00  INFO 38688 --- [RMI TCP Connection(2)-192.168.99.1] o.a.c.c.C.[Tomcat].[localhost].[/]       : Initializing Spring DispatcherServlet 'dispatcherServlet'
2023-11-10T01:03:06.645-03:00  INFO 38688 --- [RMI TCP Connection(2)-192.168.99.1] o.s.web.servlet.DispatcherServlet        : Initializing Servlet 'dispatcherServlet'
2023-11-10T01:03:06.647-03:00  INFO 38688 --- [RMI TCP Connection(2)-192.168.99.1] o.s.web.servlet.DispatcherServlet        : Completed initialization in 2 ms
2023-11-10T01:08:04.930-03:00  INFO 38688 --- [AsyncResolver-bootstrap-executor-0] c.n.d.s.r.aws.ConfigClusterResolver      : Resolving eureka endpoints via configuration
2023-11-10T01:09:26.159-03:00  INFO 38688 --- [SpringApplicationShutdownHook] o.s.c.n.e.s.EurekaServiceRegistry        : Unregistering application ALBUMS-WS with eureka with status DOWN
2023-11-10T01:09:26.159-03:00  INFO 38688 --- [SpringApplicationShutdownHook] com.netflix.discovery.DiscoveryClient    : Saw local status change event StatusChangeEvent [timestamp=1699589366159, current=DOWN, previous=UP]
2023-11-10T01:09:26.159-03:00  INFO 38688 --- [DiscoveryClient-InstanceInfoReplicator-0] com.netflix.discovery.DiscoveryClient    : DiscoveryClient_ALBUMS-WS/albums-ws:6b1cf1e1dab9dedb80cb1f25c44a2677: registering service...
2023-11-10T01:09:26.166-03:00  INFO 38688 --- [DiscoveryClient-InstanceInfoReplicator-0] com.netflix.discovery.DiscoveryClient    : DiscoveryClient_ALBUMS-WS/albums-ws:6b1cf1e1dab9dedb80cb1f25c44a2677 - registration status: 204
2023-11-10T01:09:26.181-03:00  INFO 38688 --- [SpringApplicationShutdownHook] j.LocalContainerEntityManagerFactoryBean : Closing JPA EntityManagerFactory for persistence unit 'default'
2023-11-10T01:09:26.182-03:00  INFO 38688 --- [SpringApplicationShutdownHook] com.zaxxer.hikari.HikariDataSource       : HikariPool-1 - Shutdown initiated...
2023-11-10T01:09:26.192-03:00  INFO 38688 --- [SpringApplicationShutdownHook] com.zaxxer.hikari.HikariDataSource       : HikariPool-1 - Shutdown completed.
2023-11-10T01:09:26.192-03:00  INFO 38688 --- [SpringApplicationShutdownHook] com.netflix.discovery.DiscoveryClient    : Shutting down DiscoveryClient ...
2023-11-10T01:09:29.199-03:00  INFO 38688 --- [SpringApplicationShutdownHook] com.netflix.discovery.DiscoveryClient    : Unregistering ...
2023-11-10T01:09:29.207-03:00  INFO 38688 --- [SpringApplicationShutdownHook] com.netflix.discovery.DiscoveryClient    : DiscoveryClient_ALBUMS-WS/albums-ws:6b1cf1e1dab9dedb80cb1f25c44a2677 - deregister  status: 200
2023-11-10T01:09:29.242-03:00  INFO 38688 --- [SpringApplicationShutdownHook] com.netflix.discovery.DiscoveryClient    : Completed shut down of DiscoveryClient
2023-11-10T03:04:44.320-03:00  INFO 32524 --- [main] c.p.album.AlbumServiceApplication        : Starting AlbumServiceApplication using Java 17.0.2 with PID 32524 (E:\Spring\mcsvcs-sb3-j17\album-service\target\classes started by pblgl in E:\Spring\mcsvcs-sb3-j17)
2023-11-10T03:04:44.321-03:00  INFO 32524 --- [main] c.p.album.AlbumServiceApplication        : The following 1 profile is active: "local"
2023-11-10T03:04:44.346-03:00  INFO 32524 --- [main] o.s.c.c.c.ConfigServerConfigDataLoader   : Fetching config from server at : http://localhost:8888
2023-11-10T03:04:44.347-03:00  INFO 32524 --- [main] o.s.c.c.c.ConfigServerConfigDataLoader   : Located environment: name=albums-ws, profiles=[default], label=null, version=1ae70ba0e9a777b9c712413c93ce9455c412c0cd, state=null
2023-11-10T03:04:44.347-03:00  INFO 32524 --- [main] o.s.c.c.c.ConfigServerConfigDataLoader   : Fetching config from server at : http://localhost:8888
2023-11-10T03:04:44.347-03:00  INFO 32524 --- [main] o.s.c.c.c.ConfigServerConfigDataLoader   : Located environment: name=albums-ws, profiles=[local], label=null, version=1ae70ba0e9a777b9c712413c93ce9455c412c0cd, state=null
2023-11-10T03:04:44.929-03:00  INFO 32524 --- [main] .s.d.r.c.RepositoryConfigurationDelegate : Bootstrapping Spring Data JPA repositories in DEFAULT mode.
2023-11-10T03:04:45.032-03:00  INFO 32524 --- [main] .s.d.r.c.RepositoryConfigurationDelegate : Finished Spring Data repository scanning in 98 ms. Found 1 JPA repository interfaces.
2023-11-10T03:04:45.184-03:00  INFO 32524 --- [main] o.s.cloud.context.scope.GenericScope     : BeanFactory id=07dedf57-d070-39c0-b2cf-148111b9cad8
2023-11-10T03:04:45.460-03:00  INFO 32524 --- [main] o.s.b.w.embedded.tomcat.TomcatWebServer  : Tomcat initialized with port(s): 8081 (http)
2023-11-10T03:04:45.467-03:00  INFO 32524 --- [main] o.apache.catalina.core.StandardService   : Starting service [Tomcat]
2023-11-10T03:04:45.468-03:00  INFO 32524 --- [main] o.apache.catalina.core.StandardEngine    : Starting Servlet engine: [Apache Tomcat/10.1.15]
2023-11-10T03:04:45.543-03:00  INFO 32524 --- [main] o.a.c.c.C.[Tomcat].[localhost].[/]       : Initializing Spring embedded WebApplicationContext
2023-11-10T03:04:45.544-03:00  INFO 32524 --- [main] w.s.c.ServletWebServerApplicationContext : Root WebApplicationContext: initialization completed in 1196 ms
2023-11-10T03:04:45.742-03:00  INFO 32524 --- [main] o.hibernate.jpa.internal.util.LogHelper  : HHH000204: Processing PersistenceUnitInfo [name: default]
2023-11-10T03:04:45.776-03:00  INFO 32524 --- [main] org.hibernate.Version                    : HHH000412: Hibernate ORM core version 6.2.13.Final
2023-11-10T03:04:45.778-03:00  INFO 32524 --- [main] org.hibernate.cfg.Environment            : HHH000406: Using bytecode reflection optimizer
2023-11-10T03:04:45.949-03:00  INFO 32524 --- [main] o.s.o.j.p.SpringPersistenceUnitInfo      : No LoadTimeWeaver setup: ignoring JPA class transformer
2023-11-10T03:04:45.965-03:00  INFO 32524 --- [main] com.zaxxer.hikari.HikariDataSource       : HikariPool-1 - Starting...
2023-11-10T03:04:46.149-03:00  INFO 32524 --- [main] com.zaxxer.hikari.pool.HikariPool        : HikariPool-1 - Added connection com.mysql.cj.jdbc.ConnectionImpl@43094e0c
2023-11-10T03:04:46.150-03:00  INFO 32524 --- [main] com.zaxxer.hikari.HikariDataSource       : HikariPool-1 - Start completed.
2023-11-10T03:04:46.185-03:00  WARN 32524 --- [main] org.hibernate.orm.deprecation            : HHH90000025: MySQLDialect does not need to be specified explicitly using 'hibernate.dialect' (remove the property setting and it will be selected by default)
2023-11-10T03:04:46.693-03:00  INFO 32524 --- [main] o.h.e.t.j.p.i.JtaPlatformInitiator       : HHH000489: No JTA platform available (set 'hibernate.transaction.jta.platform' to enable JTA platform integration)
2023-11-10T03:04:46.751-03:00  INFO 32524 --- [main] j.LocalContainerEntityManagerFactoryBean : Initialized JPA EntityManagerFactory for persistence unit 'default'
2023-11-10T03:04:46.982-03:00  WARN 32524 --- [main] JpaBaseConfiguration$JpaWebConfiguration : spring.jpa.open-in-view is enabled by default. Therefore, database queries may be performed during view rendering. Explicitly configure spring.jpa.open-in-view to disable this warning
2023-11-10T03:04:47.010-03:00  WARN 32524 --- [main] .s.s.UserDetailsServiceAutoConfiguration : 

Using generated security password: eb953610-f943-4503-b719-eff82cdb8271

This generated password is for development use only. Your security configuration must be updated before running your application in production.

2023-11-10T03:04:47.091-03:00  INFO 32524 --- [main] o.s.s.web.DefaultSecurityFilterChain     : Will secure any request with [org.springframework.security.web.session.DisableEncodeUrlFilter@1e0bae92, org.springframework.security.web.context.request.async.WebAsyncManagerIntegrationFilter@123fd460, org.springframework.security.web.context.SecurityContextHolderFilter@70a81b4e, org.springframework.security.web.header.HeaderWriterFilter@5d8de4bd, org.springframework.security.web.authentication.logout.LogoutFilter@109fff4a, com.pblgllgs.album.filters.AuthorizationFilter@5037f491, org.springframework.security.web.savedrequest.RequestCacheAwareFilter@5c6fae3c, org.springframework.security.web.servletapi.SecurityContextHolderAwareRequestFilter@762e3836, org.springframework.security.web.authentication.AnonymousAuthenticationFilter@1227ea21, org.springframework.security.web.session.SessionManagementFilter@5d8cbb32, org.springframework.security.web.access.ExceptionTranslationFilter@2ea8f277, org.springframework.security.web.access.intercept.AuthorizationFilter@363751f2]
2023-11-10T03:04:48.506-03:00  INFO 32524 --- [main] o.s.cloud.commons.util.InetUtils         : Cannot determine local hostname
2023-11-10T03:04:49.879-03:00  INFO 32524 --- [main] o.s.cloud.commons.util.InetUtils         : Cannot determine local hostname
2023-11-10T03:04:49.886-03:00  INFO 32524 --- [main] DiscoveryClientOptionalArgsConfiguration : Eureka HTTP Client uses RestTemplate.
2023-11-10T03:04:49.913-03:00  WARN 32524 --- [main] iguration$LoadBalancerCaffeineWarnLogger : Spring Cloud LoadBalancer is currently working with the default cache. While this cache implementation is useful for development and tests, it's recommended to use Caffeine cache in production.You can switch to using Caffeine cache, by adding it and org.springframework.cache.caffeine.CaffeineCacheManager to the classpath.
2023-11-10T03:04:49.917-03:00  INFO 32524 --- [main] o.s.b.a.e.web.EndpointLinksResolver      : Exposing 1 endpoint(s) beneath base path '/actuator'
2023-11-10T03:04:49.978-03:00  INFO 32524 --- [main] o.s.c.n.eureka.InstanceInfoFactory       : Setting initial instance status as: STARTING
2023-11-10T03:04:50.010-03:00  INFO 32524 --- [main] com.netflix.discovery.DiscoveryClient    : Initializing Eureka in region us-east-1
2023-11-10T03:04:50.013-03:00  INFO 32524 --- [main] c.n.d.s.r.aws.ConfigClusterResolver      : Resolving eureka endpoints via configuration
2023-11-10T03:04:50.031-03:00  INFO 32524 --- [main] com.netflix.discovery.DiscoveryClient    : Disable delta property : false
2023-11-10T03:04:50.031-03:00  INFO 32524 --- [main] com.netflix.discovery.DiscoveryClient    : Single vip registry refresh property : null
2023-11-10T03:04:50.031-03:00  INFO 32524 --- [main] com.netflix.discovery.DiscoveryClient    : Force full registry fetch : false
2023-11-10T03:04:50.031-03:00  INFO 32524 --- [main] com.netflix.discovery.DiscoveryClient    : Application is null : false
2023-11-10T03:04:50.031-03:00  INFO 32524 --- [main] com.netflix.discovery.DiscoveryClient    : Registered Applications size is zero : true
2023-11-10T03:04:50.031-03:00  INFO 32524 --- [main] com.netflix.discovery.DiscoveryClient    : Application version is -1: true
2023-11-10T03:04:50.031-03:00  INFO 32524 --- [main] com.netflix.discovery.DiscoveryClient    : Getting all instance registry info from the eureka server
2023-11-10T03:04:50.171-03:00  INFO 32524 --- [main] com.netflix.discovery.DiscoveryClient    : The response status is 200
2023-11-10T03:04:50.174-03:00  INFO 32524 --- [main] com.netflix.discovery.DiscoveryClient    : Starting heartbeat executor: renew interval is: 30
2023-11-10T03:04:50.179-03:00  INFO 32524 --- [main] c.n.discovery.InstanceInfoReplicator     : InstanceInfoReplicator onDemand update allowed rate per min is 4
2023-11-10T03:04:50.186-03:00  INFO 32524 --- [main] com.netflix.discovery.DiscoveryClient    : Discovery Client initialized at timestamp 1699596290186 with initial instances count: 2
2023-11-10T03:04:50.189-03:00  INFO 32524 --- [main] o.s.c.n.e.s.EurekaServiceRegistry        : Registering application ALBUMS-WS with eureka with status UP
2023-11-10T03:04:50.190-03:00  INFO 32524 --- [main] com.netflix.discovery.DiscoveryClient    : Saw local status change event StatusChangeEvent [timestamp=1699596290190, current=UP, previous=STARTING]
2023-11-10T03:04:50.191-03:00  INFO 32524 --- [DiscoveryClient-InstanceInfoReplicator-0] com.netflix.discovery.DiscoveryClient    : DiscoveryClient_ALBUMS-WS/albums-ws:45899c88ec3f74a65a7024b35d83c458: registering service...
2023-11-10T03:04:50.205-03:00  INFO 32524 --- [main] o.s.b.w.embedded.tomcat.TomcatWebServer  : Tomcat started on port(s): 8081 (http) with context path ''
2023-11-10T03:04:50.206-03:00  INFO 32524 --- [main] .s.c.n.e.s.EurekaAutoServiceRegistration : Updating port to 8081
2023-11-10T03:04:50.218-03:00  INFO 32524 --- [DiscoveryClient-InstanceInfoReplicator-0] com.netflix.discovery.DiscoveryClient    : DiscoveryClient_ALBUMS-WS/albums-ws:45899c88ec3f74a65a7024b35d83c458 - registration status: 204
2023-11-10T03:04:51.365-03:00  INFO 32524 --- [main] o.s.cloud.commons.util.InetUtils         : Cannot determine local hostname
2023-11-10T03:04:51.377-03:00  INFO 32524 --- [main] c.p.album.AlbumServiceApplication        : Started AlbumServiceApplication in 11.168 seconds (process running for 11.597)
2023-11-10T03:04:51.595-03:00  INFO 32524 --- [RMI TCP Connection(3)-192.168.99.1] o.a.c.c.C.[Tomcat].[localhost].[/]       : Initializing Spring DispatcherServlet 'dispatcherServlet'
2023-11-10T03:04:51.595-03:00  INFO 32524 --- [RMI TCP Connection(3)-192.168.99.1] o.s.web.servlet.DispatcherServlet        : Initializing Servlet 'dispatcherServlet'
2023-11-10T03:04:51.597-03:00  INFO 32524 --- [RMI TCP Connection(3)-192.168.99.1] o.s.web.servlet.DispatcherServlet        : Completed initialization in 1 ms
2023-11-10T03:04:57.245-03:00  INFO 32524 --- [SpringApplicationShutdownHook] o.s.c.n.e.s.EurekaServiceRegistry        : Unregistering application ALBUMS-WS with eureka with status DOWN
2023-11-10T03:04:57.245-03:00  INFO 32524 --- [SpringApplicationShutdownHook] com.netflix.discovery.DiscoveryClient    : Saw local status change event StatusChangeEvent [timestamp=1699596297245, current=DOWN, previous=UP]
2023-11-10T03:04:57.245-03:00  INFO 32524 --- [DiscoveryClient-InstanceInfoReplicator-0] com.netflix.discovery.DiscoveryClient    : DiscoveryClient_ALBUMS-WS/albums-ws:45899c88ec3f74a65a7024b35d83c458: registering service...
2023-11-10T03:04:57.252-03:00  INFO 32524 --- [DiscoveryClient-InstanceInfoReplicator-0] com.netflix.discovery.DiscoveryClient    : DiscoveryClient_ALBUMS-WS/albums-ws:45899c88ec3f74a65a7024b35d83c458 - registration status: 204
2023-11-10T03:04:57.266-03:00  INFO 32524 --- [SpringApplicationShutdownHook] j.LocalContainerEntityManagerFactoryBean : Closing JPA EntityManagerFactory for persistence unit 'default'
2023-11-10T03:04:57.267-03:00  INFO 32524 --- [SpringApplicationShutdownHook] com.zaxxer.hikari.HikariDataSource       : HikariPool-1 - Shutdown initiated...
2023-11-10T03:04:57.276-03:00  INFO 32524 --- [SpringApplicationShutdownHook] com.zaxxer.hikari.HikariDataSource       : HikariPool-1 - Shutdown completed.
2023-11-10T03:04:57.276-03:00  INFO 32524 --- [SpringApplicationShutdownHook] com.netflix.discovery.DiscoveryClient    : Shutting down DiscoveryClient ...
2023-11-10T03:05:00.285-03:00  INFO 32524 --- [SpringApplicationShutdownHook] com.netflix.discovery.DiscoveryClient    : Unregistering ...
2023-11-10T03:05:00.291-03:00  INFO 32524 --- [SpringApplicationShutdownHook] com.netflix.discovery.DiscoveryClient    : DiscoveryClient_ALBUMS-WS/albums-ws:45899c88ec3f74a65a7024b35d83c458 - deregister  status: 200
2023-11-10T03:05:00.322-03:00  INFO 32524 --- [SpringApplicationShutdownHook] com.netflix.discovery.DiscoveryClient    : Completed shut down of DiscoveryClient
2023-11-10T03:05:22.007-03:00  INFO 9152 --- [main] c.p.album.AlbumServiceApplication        : Starting AlbumServiceApplication using Java 17.0.2 with PID 9152 (E:\Spring\mcsvcs-sb3-j17\album-service\target\classes started by pblgl in E:\Spring\mcsvcs-sb3-j17)
2023-11-10T03:05:22.008-03:00  INFO 9152 --- [main] c.p.album.AlbumServiceApplication        : The following 1 profile is active: "local"
2023-11-10T03:05:22.033-03:00  INFO 9152 --- [main] o.s.c.c.c.ConfigServerConfigDataLoader   : Fetching config from server at : http://localhost:8888
2023-11-10T03:05:22.033-03:00  INFO 9152 --- [main] o.s.c.c.c.ConfigServerConfigDataLoader   : Located environment: name=albums-ws, profiles=[default], label=null, version=1ae70ba0e9a777b9c712413c93ce9455c412c0cd, state=null
2023-11-10T03:05:22.033-03:00  INFO 9152 --- [main] o.s.c.c.c.ConfigServerConfigDataLoader   : Fetching config from server at : http://localhost:8888
2023-11-10T03:05:22.033-03:00  INFO 9152 --- [main] o.s.c.c.c.ConfigServerConfigDataLoader   : Located environment: name=albums-ws, profiles=[local], label=null, version=1ae70ba0e9a777b9c712413c93ce9455c412c0cd, state=null
2023-11-10T03:05:22.578-03:00  INFO 9152 --- [main] .s.d.r.c.RepositoryConfigurationDelegate : Bootstrapping Spring Data JPA repositories in DEFAULT mode.
2023-11-10T03:05:22.672-03:00  INFO 9152 --- [main] .s.d.r.c.RepositoryConfigurationDelegate : Finished Spring Data repository scanning in 87 ms. Found 1 JPA repository interfaces.
2023-11-10T03:05:22.815-03:00  INFO 9152 --- [main] o.s.cloud.context.scope.GenericScope     : BeanFactory id=07dedf57-d070-39c0-b2cf-148111b9cad8
2023-11-10T03:05:23.082-03:00  INFO 9152 --- [main] o.s.b.w.embedded.tomcat.TomcatWebServer  : Tomcat initialized with port(s): 8081 (http)
2023-11-10T03:05:23.087-03:00  INFO 9152 --- [main] o.apache.catalina.core.StandardService   : Starting service [Tomcat]
2023-11-10T03:05:23.088-03:00  INFO 9152 --- [main] o.apache.catalina.core.StandardEngine    : Starting Servlet engine: [Apache Tomcat/10.1.15]
2023-11-10T03:05:23.153-03:00  INFO 9152 --- [main] o.a.c.c.C.[Tomcat].[localhost].[/]       : Initializing Spring embedded WebApplicationContext
2023-11-10T03:05:23.153-03:00  INFO 9152 --- [main] w.s.c.ServletWebServerApplicationContext : Root WebApplicationContext: initialization completed in 1119 ms
2023-11-10T03:05:23.351-03:00  INFO 9152 --- [main] o.hibernate.jpa.internal.util.LogHelper  : HHH000204: Processing PersistenceUnitInfo [name: default]
2023-11-10T03:05:23.385-03:00  INFO 9152 --- [main] org.hibernate.Version                    : HHH000412: Hibernate ORM core version 6.2.13.Final
2023-11-10T03:05:23.387-03:00  INFO 9152 --- [main] org.hibernate.cfg.Environment            : HHH000406: Using bytecode reflection optimizer
2023-11-10T03:05:23.556-03:00  INFO 9152 --- [main] o.s.o.j.p.SpringPersistenceUnitInfo      : No LoadTimeWeaver setup: ignoring JPA class transformer
2023-11-10T03:05:23.573-03:00  INFO 9152 --- [main] com.zaxxer.hikari.HikariDataSource       : HikariPool-1 - Starting...
2023-11-10T03:05:23.755-03:00  INFO 9152 --- [main] com.zaxxer.hikari.pool.HikariPool        : HikariPool-1 - Added connection com.mysql.cj.jdbc.ConnectionImpl@70f76276
2023-11-10T03:05:23.756-03:00  INFO 9152 --- [main] com.zaxxer.hikari.HikariDataSource       : HikariPool-1 - Start completed.
2023-11-10T03:05:23.791-03:00  WARN 9152 --- [main] org.hibernate.orm.deprecation            : HHH90000025: MySQLDialect does not need to be specified explicitly using 'hibernate.dialect' (remove the property setting and it will be selected by default)
2023-11-10T03:05:24.297-03:00  INFO 9152 --- [main] o.h.e.t.j.p.i.JtaPlatformInitiator       : HHH000489: No JTA platform available (set 'hibernate.transaction.jta.platform' to enable JTA platform integration)
2023-11-10T03:05:24.327-03:00  INFO 9152 --- [main] j.LocalContainerEntityManagerFactoryBean : Initialized JPA EntityManagerFactory for persistence unit 'default'
2023-11-10T03:05:24.549-03:00  WARN 9152 --- [main] JpaBaseConfiguration$JpaWebConfiguration : spring.jpa.open-in-view is enabled by default. Therefore, database queries may be performed during view rendering. Explicitly configure spring.jpa.open-in-view to disable this warning
2023-11-10T03:05:24.567-03:00  WARN 9152 --- [main] .s.s.UserDetailsServiceAutoConfiguration : 

Using generated security password: df20e06f-983a-4f27-924d-e38e32eaa4a6

This generated password is for development use only. Your security configuration must be updated before running your application in production.

2023-11-10T03:05:24.640-03:00  INFO 9152 --- [main] o.s.s.web.DefaultSecurityFilterChain     : Will secure any request with [org.springframework.security.web.session.DisableEncodeUrlFilter@7fcc8d9f, org.springframework.security.web.context.request.async.WebAsyncManagerIntegrationFilter@7315264e, org.springframework.security.web.context.SecurityContextHolderFilter@1368ed98, org.springframework.security.web.header.HeaderWriterFilter@2a10a99b, org.springframework.security.web.authentication.logout.LogoutFilter@63fe055, com.pblgllgs.album.filters.AuthorizationFilter@11c68269, org.springframework.security.web.savedrequest.RequestCacheAwareFilter@17c7cc93, org.springframework.security.web.servletapi.SecurityContextHolderAwareRequestFilter@1b2213b2, org.springframework.security.web.authentication.AnonymousAuthenticationFilter@7b237c2c, org.springframework.security.web.session.SessionManagementFilter@762e3836, org.springframework.security.web.access.ExceptionTranslationFilter@6442c2dd, org.springframework.security.web.access.intercept.AuthorizationFilter@511ba9c9]
2023-11-10T03:05:26.050-03:00  INFO 9152 --- [main] o.s.cloud.commons.util.InetUtils         : Cannot determine local hostname
2023-11-10T03:05:27.423-03:00  INFO 9152 --- [main] o.s.cloud.commons.util.InetUtils         : Cannot determine local hostname
2023-11-10T03:05:27.430-03:00  INFO 9152 --- [main] DiscoveryClientOptionalArgsConfiguration : Eureka HTTP Client uses RestTemplate.
2023-11-10T03:05:27.458-03:00  WARN 9152 --- [main] iguration$LoadBalancerCaffeineWarnLogger : Spring Cloud LoadBalancer is currently working with the default cache. While this cache implementation is useful for development and tests, it's recommended to use Caffeine cache in production.You can switch to using Caffeine cache, by adding it and org.springframework.cache.caffeine.CaffeineCacheManager to the classpath.
2023-11-10T03:05:27.462-03:00  INFO 9152 --- [main] o.s.b.a.e.web.EndpointLinksResolver      : Exposing 1 endpoint(s) beneath base path '/actuator'
2023-11-10T03:05:27.525-03:00  INFO 9152 --- [main] o.s.c.n.eureka.InstanceInfoFactory       : Setting initial instance status as: STARTING
2023-11-10T03:05:27.558-03:00  INFO 9152 --- [main] com.netflix.discovery.DiscoveryClient    : Initializing Eureka in region us-east-1
2023-11-10T03:05:27.561-03:00  INFO 9152 --- [main] c.n.d.s.r.aws.ConfigClusterResolver      : Resolving eureka endpoints via configuration
2023-11-10T03:05:27.580-03:00  INFO 9152 --- [main] com.netflix.discovery.DiscoveryClient    : Disable delta property : false
2023-11-10T03:05:27.580-03:00  INFO 9152 --- [main] com.netflix.discovery.DiscoveryClient    : Single vip registry refresh property : null
2023-11-10T03:05:27.580-03:00  INFO 9152 --- [main] com.netflix.discovery.DiscoveryClient    : Force full registry fetch : false
2023-11-10T03:05:27.580-03:00  INFO 9152 --- [main] com.netflix.discovery.DiscoveryClient    : Application is null : false
2023-11-10T03:05:27.580-03:00  INFO 9152 --- [main] com.netflix.discovery.DiscoveryClient    : Registered Applications size is zero : true
2023-11-10T03:05:27.580-03:00  INFO 9152 --- [main] com.netflix.discovery.DiscoveryClient    : Application version is -1: true
2023-11-10T03:05:27.580-03:00  INFO 9152 --- [main] com.netflix.discovery.DiscoveryClient    : Getting all instance registry info from the eureka server
2023-11-10T03:05:27.719-03:00  INFO 9152 --- [main] com.netflix.discovery.DiscoveryClient    : The response status is 200
2023-11-10T03:05:27.724-03:00  INFO 9152 --- [main] com.netflix.discovery.DiscoveryClient    : Starting heartbeat executor: renew interval is: 30
2023-11-10T03:05:27.728-03:00  INFO 9152 --- [main] c.n.discovery.InstanceInfoReplicator     : InstanceInfoReplicator onDemand update allowed rate per min is 4
2023-11-10T03:05:27.736-03:00  INFO 9152 --- [main] com.netflix.discovery.DiscoveryClient    : Discovery Client initialized at timestamp 1699596327736 with initial instances count: 3
2023-11-10T03:05:27.739-03:00  INFO 9152 --- [main] o.s.c.n.e.s.EurekaServiceRegistry        : Registering application ALBUMS-WS with eureka with status UP
2023-11-10T03:05:27.740-03:00  INFO 9152 --- [main] com.netflix.discovery.DiscoveryClient    : Saw local status change event StatusChangeEvent [timestamp=1699596327740, current=UP, previous=STARTING]
2023-11-10T03:05:27.741-03:00  INFO 9152 --- [DiscoveryClient-InstanceInfoReplicator-0] com.netflix.discovery.DiscoveryClient    : DiscoveryClient_ALBUMS-WS/albums-ws:ea395b1e7338382f042c05e3d337fd3b: registering service...
2023-11-10T03:05:27.754-03:00  INFO 9152 --- [main] o.s.b.w.embedded.tomcat.TomcatWebServer  : Tomcat started on port(s): 8081 (http) with context path ''
2023-11-10T03:05:27.755-03:00  INFO 9152 --- [main] .s.c.n.e.s.EurekaAutoServiceRegistration : Updating port to 8081
2023-11-10T03:05:27.772-03:00  INFO 9152 --- [DiscoveryClient-InstanceInfoReplicator-0] com.netflix.discovery.DiscoveryClient    : DiscoveryClient_ALBUMS-WS/albums-ws:ea395b1e7338382f042c05e3d337fd3b - registration status: 204
2023-11-10T03:05:28.924-03:00  INFO 9152 --- [main] o.s.cloud.commons.util.InetUtils         : Cannot determine local hostname
2023-11-10T03:05:28.936-03:00  INFO 9152 --- [main] c.p.album.AlbumServiceApplication        : Started AlbumServiceApplication in 11.14 seconds (process running for 11.574)
2023-11-10T03:05:29.147-03:00  INFO 9152 --- [RMI TCP Connection(1)-192.168.99.1] o.a.c.c.C.[Tomcat].[localhost].[/]       : Initializing Spring DispatcherServlet 'dispatcherServlet'
2023-11-10T03:05:29.148-03:00  INFO 9152 --- [RMI TCP Connection(1)-192.168.99.1] o.s.web.servlet.DispatcherServlet        : Initializing Servlet 'dispatcherServlet'
2023-11-10T03:05:29.149-03:00  INFO 9152 --- [RMI TCP Connection(1)-192.168.99.1] o.s.web.servlet.DispatcherServlet        : Completed initialization in 1 ms
2023-11-10T03:05:49.138-03:00  INFO 9152 --- [SpringApplicationShutdownHook] o.s.c.n.e.s.EurekaServiceRegistry        : Unregistering application ALBUMS-WS with eureka with status DOWN
2023-11-10T03:05:49.138-03:00  INFO 9152 --- [SpringApplicationShutdownHook] com.netflix.discovery.DiscoveryClient    : Saw local status change event StatusChangeEvent [timestamp=1699596349138, current=DOWN, previous=UP]
2023-11-10T03:05:49.138-03:00  INFO 9152 --- [DiscoveryClient-InstanceInfoReplicator-0] com.netflix.discovery.DiscoveryClient    : DiscoveryClient_ALBUMS-WS/albums-ws:ea395b1e7338382f042c05e3d337fd3b: registering service...
2023-11-10T03:05:49.144-03:00  INFO 9152 --- [DiscoveryClient-InstanceInfoReplicator-0] com.netflix.discovery.DiscoveryClient    : DiscoveryClient_ALBUMS-WS/albums-ws:ea395b1e7338382f042c05e3d337fd3b - registration status: 204
2023-11-10T03:05:49.159-03:00  INFO 9152 --- [SpringApplicationShutdownHook] j.LocalContainerEntityManagerFactoryBean : Closing JPA EntityManagerFactory for persistence unit 'default'
2023-11-10T03:05:49.160-03:00  INFO 9152 --- [SpringApplicationShutdownHook] com.zaxxer.hikari.HikariDataSource       : HikariPool-1 - Shutdown initiated...
2023-11-10T03:05:49.168-03:00  INFO 9152 --- [SpringApplicationShutdownHook] com.zaxxer.hikari.HikariDataSource       : HikariPool-1 - Shutdown completed.
2023-11-10T03:05:49.169-03:00  INFO 9152 --- [SpringApplicationShutdownHook] com.netflix.discovery.DiscoveryClient    : Shutting down DiscoveryClient ...
2023-11-10T03:05:52.182-03:00  INFO 9152 --- [SpringApplicationShutdownHook] com.netflix.discovery.DiscoveryClient    : Unregistering ...
2023-11-10T03:05:52.188-03:00  INFO 9152 --- [SpringApplicationShutdownHook] com.netflix.discovery.DiscoveryClient    : DiscoveryClient_ALBUMS-WS/albums-ws:ea395b1e7338382f042c05e3d337fd3b - deregister  status: 200
2023-11-10T03:05:52.218-03:00  INFO 9152 --- [SpringApplicationShutdownHook] com.netflix.discovery.DiscoveryClient    : Completed shut down of DiscoveryClient
2023-11-10T03:15:12.180-03:00  INFO 27980 --- [main] c.p.album.AlbumServiceApplication        : Starting AlbumServiceApplication using Java 17.0.2 with PID 27980 (E:\Spring\mcsvcs-sb3-j17\album-service\target\classes started by pblgl in E:\Spring\mcsvcs-sb3-j17)
2023-11-10T03:15:12.182-03:00  INFO 27980 --- [main] c.p.album.AlbumServiceApplication        : The following 1 profile is active: "local"
2023-11-10T03:15:12.207-03:00  INFO 27980 --- [main] o.s.c.c.c.ConfigServerConfigDataLoader   : Fetching config from server at : http://localhost:8888
2023-11-10T03:15:12.207-03:00  INFO 27980 --- [main] o.s.c.c.c.ConfigServerConfigDataLoader   : Located environment: name=albums-ws, profiles=[default], label=null, version=57a4b7038bc2ad588fa51098c71a07120508ec15, state=null
2023-11-10T03:15:12.208-03:00  INFO 27980 --- [main] o.s.c.c.c.ConfigServerConfigDataLoader   : Fetching config from server at : http://localhost:8888
2023-11-10T03:15:12.208-03:00  INFO 27980 --- [main] o.s.c.c.c.ConfigServerConfigDataLoader   : Located environment: name=albums-ws, profiles=[local], label=null, version=57a4b7038bc2ad588fa51098c71a07120508ec15, state=null
2023-11-10T03:15:12.757-03:00  INFO 27980 --- [main] .s.d.r.c.RepositoryConfigurationDelegate : Bootstrapping Spring Data JPA repositories in DEFAULT mode.
2023-11-10T03:15:12.850-03:00  INFO 27980 --- [main] .s.d.r.c.RepositoryConfigurationDelegate : Finished Spring Data repository scanning in 87 ms. Found 1 JPA repository interfaces.
2023-11-10T03:15:12.997-03:00  INFO 27980 --- [main] o.s.cloud.context.scope.GenericScope     : BeanFactory id=07dedf57-d070-39c0-b2cf-148111b9cad8
2023-11-10T03:15:13.267-03:00  INFO 27980 --- [main] o.s.b.w.embedded.tomcat.TomcatWebServer  : Tomcat initialized with port(s): 8081 (http)
2023-11-10T03:15:13.273-03:00  INFO 27980 --- [main] o.apache.catalina.core.StandardService   : Starting service [Tomcat]
2023-11-10T03:15:13.273-03:00  INFO 27980 --- [main] o.apache.catalina.core.StandardEngine    : Starting Servlet engine: [Apache Tomcat/10.1.15]
2023-11-10T03:15:13.339-03:00  INFO 27980 --- [main] o.a.c.c.C.[Tomcat].[localhost].[/]       : Initializing Spring embedded WebApplicationContext
2023-11-10T03:15:13.339-03:00  INFO 27980 --- [main] w.s.c.ServletWebServerApplicationContext : Root WebApplicationContext: initialization completed in 1130 ms
2023-11-10T03:15:13.541-03:00  INFO 27980 --- [main] o.hibernate.jpa.internal.util.LogHelper  : HHH000204: Processing PersistenceUnitInfo [name: default]
2023-11-10T03:15:13.573-03:00  INFO 27980 --- [main] org.hibernate.Version                    : HHH000412: Hibernate ORM core version 6.2.13.Final
2023-11-10T03:15:13.575-03:00  INFO 27980 --- [main] org.hibernate.cfg.Environment            : HHH000406: Using bytecode reflection optimizer
2023-11-10T03:15:13.743-03:00  INFO 27980 --- [main] o.s.o.j.p.SpringPersistenceUnitInfo      : No LoadTimeWeaver setup: ignoring JPA class transformer
2023-11-10T03:15:13.762-03:00  INFO 27980 --- [main] com.zaxxer.hikari.HikariDataSource       : HikariPool-1 - Starting...
2023-11-10T03:15:13.905-03:00  INFO 27980 --- [main] com.zaxxer.hikari.pool.HikariPool        : HikariPool-1 - Added connection org.postgresql.jdbc.PgConnection@4da9da6c
2023-11-10T03:15:13.906-03:00  INFO 27980 --- [main] com.zaxxer.hikari.HikariDataSource       : HikariPool-1 - Start completed.
2023-11-10T03:15:13.926-03:00  WARN 27980 --- [main] org.hibernate.orm.deprecation            : HHH90000025: PostgreSQLDialect does not need to be specified explicitly using 'hibernate.dialect' (remove the property setting and it will be selected by default)
2023-11-10T03:15:14.414-03:00  INFO 27980 --- [main] o.h.e.t.j.p.i.JtaPlatformInitiator       : HHH000489: No JTA platform available (set 'hibernate.transaction.jta.platform' to enable JTA platform integration)
2023-11-10T03:15:14.453-03:00  INFO 27980 --- [main] j.LocalContainerEntityManagerFactoryBean : Initialized JPA EntityManagerFactory for persistence unit 'default'
2023-11-10T03:15:14.685-03:00  WARN 27980 --- [main] JpaBaseConfiguration$JpaWebConfiguration : spring.jpa.open-in-view is enabled by default. Therefore, database queries may be performed during view rendering. Explicitly configure spring.jpa.open-in-view to disable this warning
2023-11-10T03:15:14.706-03:00  WARN 27980 --- [main] .s.s.UserDetailsServiceAutoConfiguration : 

Using generated security password: c81c1ae7-c3d6-4ba9-8683-6a8f5b77a4df

This generated password is for development use only. Your security configuration must be updated before running your application in production.

2023-11-10T03:15:14.778-03:00  INFO 27980 --- [main] o.s.s.web.DefaultSecurityFilterChain     : Will secure any request with [org.springframework.security.web.session.DisableEncodeUrlFilter@14237e5, org.springframework.security.web.context.request.async.WebAsyncManagerIntegrationFilter@33ed6546, org.springframework.security.web.context.SecurityContextHolderFilter@3f563397, org.springframework.security.web.header.HeaderWriterFilter@6ba19932, org.springframework.security.web.authentication.logout.LogoutFilter@503b5337, com.pblgllgs.album.filters.AuthorizationFilter@54d62c35, org.springframework.security.web.savedrequest.RequestCacheAwareFilter@7bb50747, org.springframework.security.web.servletapi.SecurityContextHolderAwareRequestFilter@461c0572, org.springframework.security.web.authentication.AnonymousAuthenticationFilter@5eb4b746, org.springframework.security.web.session.SessionManagementFilter@2cf6b6e6, org.springframework.security.web.access.ExceptionTranslationFilter@2a4bee4e, org.springframework.security.web.access.intercept.AuthorizationFilter@9677f54]
2023-11-10T03:15:16.184-03:00  INFO 27980 --- [main] o.s.cloud.commons.util.InetUtils         : Cannot determine local hostname
2023-11-10T03:15:17.555-03:00  INFO 27980 --- [main] o.s.cloud.commons.util.InetUtils         : Cannot determine local hostname
2023-11-10T03:15:17.562-03:00  INFO 27980 --- [main] DiscoveryClientOptionalArgsConfiguration : Eureka HTTP Client uses RestTemplate.
2023-11-10T03:15:17.589-03:00  WARN 27980 --- [main] iguration$LoadBalancerCaffeineWarnLogger : Spring Cloud LoadBalancer is currently working with the default cache. While this cache implementation is useful for development and tests, it's recommended to use Caffeine cache in production.You can switch to using Caffeine cache, by adding it and org.springframework.cache.caffeine.CaffeineCacheManager to the classpath.
2023-11-10T03:15:17.593-03:00  INFO 27980 --- [main] o.s.b.a.e.web.EndpointLinksResolver      : Exposing 1 endpoint(s) beneath base path '/actuator'
2023-11-10T03:15:17.655-03:00  INFO 27980 --- [main] o.s.c.n.eureka.InstanceInfoFactory       : Setting initial instance status as: STARTING
2023-11-10T03:15:17.687-03:00  INFO 27980 --- [main] com.netflix.discovery.DiscoveryClient    : Initializing Eureka in region us-east-1
2023-11-10T03:15:17.690-03:00  INFO 27980 --- [main] c.n.d.s.r.aws.ConfigClusterResolver      : Resolving eureka endpoints via configuration
2023-11-10T03:15:17.709-03:00  INFO 27980 --- [main] com.netflix.discovery.DiscoveryClient    : Disable delta property : false
2023-11-10T03:15:17.709-03:00  INFO 27980 --- [main] com.netflix.discovery.DiscoveryClient    : Single vip registry refresh property : null
2023-11-10T03:15:17.709-03:00  INFO 27980 --- [main] com.netflix.discovery.DiscoveryClient    : Force full registry fetch : false
2023-11-10T03:15:17.709-03:00  INFO 27980 --- [main] com.netflix.discovery.DiscoveryClient    : Application is null : false
2023-11-10T03:15:17.709-03:00  INFO 27980 --- [main] com.netflix.discovery.DiscoveryClient    : Registered Applications size is zero : true
2023-11-10T03:15:17.709-03:00  INFO 27980 --- [main] com.netflix.discovery.DiscoveryClient    : Application version is -1: true
2023-11-10T03:15:17.709-03:00  INFO 27980 --- [main] com.netflix.discovery.DiscoveryClient    : Getting all instance registry info from the eureka server
2023-11-10T03:15:17.872-03:00  INFO 27980 --- [main] com.netflix.discovery.DiscoveryClient    : The response status is 200
2023-11-10T03:15:17.875-03:00  INFO 27980 --- [main] com.netflix.discovery.DiscoveryClient    : Starting heartbeat executor: renew interval is: 30
2023-11-10T03:15:17.879-03:00  INFO 27980 --- [main] c.n.discovery.InstanceInfoReplicator     : InstanceInfoReplicator onDemand update allowed rate per min is 4
2023-11-10T03:15:17.886-03:00  INFO 27980 --- [main] com.netflix.discovery.DiscoveryClient    : Discovery Client initialized at timestamp 1699596917886 with initial instances count: 2
2023-11-10T03:15:17.889-03:00  INFO 27980 --- [main] o.s.c.n.e.s.EurekaServiceRegistry        : Registering application ALBUMS-WS with eureka with status UP
2023-11-10T03:15:17.889-03:00  INFO 27980 --- [main] com.netflix.discovery.DiscoveryClient    : Saw local status change event StatusChangeEvent [timestamp=1699596917889, current=UP, previous=STARTING]
2023-11-10T03:15:17.890-03:00  INFO 27980 --- [DiscoveryClient-InstanceInfoReplicator-0] com.netflix.discovery.DiscoveryClient    : DiscoveryClient_ALBUMS-WS/albums-ws:9b4ac3ec8dc831c2459cf61d351eb3a9: registering service...
2023-11-10T03:15:17.905-03:00  INFO 27980 --- [main] o.s.b.w.embedded.tomcat.TomcatWebServer  : Tomcat started on port(s): 8081 (http) with context path ''
2023-11-10T03:15:17.905-03:00  INFO 27980 --- [main] .s.c.n.e.s.EurekaAutoServiceRegistration : Updating port to 8081
2023-11-10T03:15:17.916-03:00  INFO 27980 --- [DiscoveryClient-InstanceInfoReplicator-0] com.netflix.discovery.DiscoveryClient    : DiscoveryClient_ALBUMS-WS/albums-ws:9b4ac3ec8dc831c2459cf61d351eb3a9 - registration status: 204
2023-11-10T03:15:19.064-03:00  INFO 27980 --- [main] o.s.cloud.commons.util.InetUtils         : Cannot determine local hostname
2023-11-10T03:15:19.076-03:00  INFO 27980 --- [main] c.p.album.AlbumServiceApplication        : Started AlbumServiceApplication in 11.564 seconds (process running for 12.006)
2023-11-10T03:15:19.336-03:00  INFO 27980 --- [RMI TCP Connection(1)-192.168.99.1] o.a.c.c.C.[Tomcat].[localhost].[/]       : Initializing Spring DispatcherServlet 'dispatcherServlet'
2023-11-10T03:15:19.336-03:00  INFO 27980 --- [RMI TCP Connection(1)-192.168.99.1] o.s.web.servlet.DispatcherServlet        : Initializing Servlet 'dispatcherServlet'
2023-11-10T03:15:19.337-03:00  INFO 27980 --- [RMI TCP Connection(1)-192.168.99.1] o.s.web.servlet.DispatcherServlet        : Completed initialization in 1 ms
2023-11-10T03:15:23.183-03:00  INFO 27980 --- [SpringApplicationShutdownHook] o.s.c.n.e.s.EurekaServiceRegistry        : Unregistering application ALBUMS-WS with eureka with status DOWN
2023-11-10T03:15:23.183-03:00  INFO 27980 --- [SpringApplicationShutdownHook] com.netflix.discovery.DiscoveryClient    : Saw local status change event StatusChangeEvent [timestamp=1699596923183, current=DOWN, previous=UP]
2023-11-10T03:15:23.183-03:00  INFO 27980 --- [DiscoveryClient-InstanceInfoReplicator-0] com.netflix.discovery.DiscoveryClient    : DiscoveryClient_ALBUMS-WS/albums-ws:9b4ac3ec8dc831c2459cf61d351eb3a9: registering service...
2023-11-10T03:15:23.189-03:00  INFO 27980 --- [DiscoveryClient-InstanceInfoReplicator-0] com.netflix.discovery.DiscoveryClient    : DiscoveryClient_ALBUMS-WS/albums-ws:9b4ac3ec8dc831c2459cf61d351eb3a9 - registration status: 204
2023-11-10T03:15:23.205-03:00  INFO 27980 --- [SpringApplicationShutdownHook] j.LocalContainerEntityManagerFactoryBean : Closing JPA EntityManagerFactory for persistence unit 'default'
2023-11-10T03:15:23.206-03:00  INFO 27980 --- [SpringApplicationShutdownHook] com.zaxxer.hikari.HikariDataSource       : HikariPool-1 - Shutdown initiated...
2023-11-10T03:15:23.208-03:00  INFO 27980 --- [SpringApplicationShutdownHook] com.zaxxer.hikari.HikariDataSource       : HikariPool-1 - Shutdown completed.
2023-11-10T03:15:23.208-03:00  INFO 27980 --- [SpringApplicationShutdownHook] com.netflix.discovery.DiscoveryClient    : Shutting down DiscoveryClient ...
2023-11-10T03:15:26.221-03:00  INFO 27980 --- [SpringApplicationShutdownHook] com.netflix.discovery.DiscoveryClient    : Unregistering ...
2023-11-10T03:15:26.227-03:00  INFO 27980 --- [SpringApplicationShutdownHook] com.netflix.discovery.DiscoveryClient    : DiscoveryClient_ALBUMS-WS/albums-ws:9b4ac3ec8dc831c2459cf61d351eb3a9 - deregister  status: 200
2023-11-10T03:15:26.259-03:00  INFO 27980 --- [SpringApplicationShutdownHook] com.netflix.discovery.DiscoveryClient    : Completed shut down of DiscoveryClient
2023-11-10T03:15:31.721-03:00  INFO 6840 --- [main] c.p.album.AlbumServiceApplication        : Starting AlbumServiceApplication using Java 17.0.2 with PID 6840 (E:\Spring\mcsvcs-sb3-j17\album-service\target\classes started by pblgl in E:\Spring\mcsvcs-sb3-j17)
2023-11-10T03:15:31.722-03:00  INFO 6840 --- [main] c.p.album.AlbumServiceApplication        : The following 1 profile is active: "local"
2023-11-10T03:15:31.752-03:00  INFO 6840 --- [main] o.s.c.c.c.ConfigServerConfigDataLoader   : Fetching config from server at : http://localhost:8888
2023-11-10T03:15:31.752-03:00  INFO 6840 --- [main] o.s.c.c.c.ConfigServerConfigDataLoader   : Located environment: name=albums-ws, profiles=[default], label=null, version=57a4b7038bc2ad588fa51098c71a07120508ec15, state=null
2023-11-10T03:15:31.752-03:00  INFO 6840 --- [main] o.s.c.c.c.ConfigServerConfigDataLoader   : Fetching config from server at : http://localhost:8888
2023-11-10T03:15:31.752-03:00  INFO 6840 --- [main] o.s.c.c.c.ConfigServerConfigDataLoader   : Located environment: name=albums-ws, profiles=[local], label=null, version=57a4b7038bc2ad588fa51098c71a07120508ec15, state=null
2023-11-10T03:15:32.296-03:00  INFO 6840 --- [main] .s.d.r.c.RepositoryConfigurationDelegate : Bootstrapping Spring Data JPA repositories in DEFAULT mode.
2023-11-10T03:15:32.391-03:00  INFO 6840 --- [main] .s.d.r.c.RepositoryConfigurationDelegate : Finished Spring Data repository scanning in 90 ms. Found 1 JPA repository interfaces.
2023-11-10T03:15:32.535-03:00  INFO 6840 --- [main] o.s.cloud.context.scope.GenericScope     : BeanFactory id=07dedf57-d070-39c0-b2cf-148111b9cad8
2023-11-10T03:15:32.803-03:00  INFO 6840 --- [main] o.s.b.w.embedded.tomcat.TomcatWebServer  : Tomcat initialized with port(s): 8081 (http)
2023-11-10T03:15:32.809-03:00  INFO 6840 --- [main] o.apache.catalina.core.StandardService   : Starting service [Tomcat]
2023-11-10T03:15:32.809-03:00  INFO 6840 --- [main] o.apache.catalina.core.StandardEngine    : Starting Servlet engine: [Apache Tomcat/10.1.15]
2023-11-10T03:15:32.875-03:00  INFO 6840 --- [main] o.a.c.c.C.[Tomcat].[localhost].[/]       : Initializing Spring embedded WebApplicationContext
2023-11-10T03:15:32.875-03:00  INFO 6840 --- [main] w.s.c.ServletWebServerApplicationContext : Root WebApplicationContext: initialization completed in 1122 ms
2023-11-10T03:15:33.081-03:00  INFO 6840 --- [main] o.hibernate.jpa.internal.util.LogHelper  : HHH000204: Processing PersistenceUnitInfo [name: default]
2023-11-10T03:15:33.114-03:00  INFO 6840 --- [main] org.hibernate.Version                    : HHH000412: Hibernate ORM core version 6.2.13.Final
2023-11-10T03:15:33.115-03:00  INFO 6840 --- [main] org.hibernate.cfg.Environment            : HHH000406: Using bytecode reflection optimizer
2023-11-10T03:15:33.286-03:00  INFO 6840 --- [main] o.s.o.j.p.SpringPersistenceUnitInfo      : No LoadTimeWeaver setup: ignoring JPA class transformer
2023-11-10T03:15:33.303-03:00  INFO 6840 --- [main] com.zaxxer.hikari.HikariDataSource       : HikariPool-1 - Starting...
2023-11-10T03:15:33.403-03:00  INFO 6840 --- [main] com.zaxxer.hikari.pool.HikariPool        : HikariPool-1 - Added connection org.postgresql.jdbc.PgConnection@6148827c
2023-11-10T03:15:33.404-03:00  INFO 6840 --- [main] com.zaxxer.hikari.HikariDataSource       : HikariPool-1 - Start completed.
2023-11-10T03:15:33.425-03:00  WARN 6840 --- [main] org.hibernate.orm.deprecation            : HHH90000025: PostgreSQLDialect does not need to be specified explicitly using 'hibernate.dialect' (remove the property setting and it will be selected by default)
2023-11-10T03:15:33.931-03:00  INFO 6840 --- [main] o.h.e.t.j.p.i.JtaPlatformInitiator       : HHH000489: No JTA platform available (set 'hibernate.transaction.jta.platform' to enable JTA platform integration)
2023-11-10T03:15:33.961-03:00  INFO 6840 --- [main] j.LocalContainerEntityManagerFactoryBean : Initialized JPA EntityManagerFactory for persistence unit 'default'
2023-11-10T03:15:34.194-03:00  WARN 6840 --- [main] JpaBaseConfiguration$JpaWebConfiguration : spring.jpa.open-in-view is enabled by default. Therefore, database queries may be performed during view rendering. Explicitly configure spring.jpa.open-in-view to disable this warning
2023-11-10T03:15:34.214-03:00  WARN 6840 --- [main] .s.s.UserDetailsServiceAutoConfiguration : 

Using generated security password: a218426c-6307-4d8a-93c0-a8751a0de63f

This generated password is for development use only. Your security configuration must be updated before running your application in production.

2023-11-10T03:15:34.288-03:00  INFO 6840 --- [main] o.s.s.web.DefaultSecurityFilterChain     : Will secure any request with [org.springframework.security.web.session.DisableEncodeUrlFilter@16c6d5a2, org.springframework.security.web.context.request.async.WebAsyncManagerIntegrationFilter@7314f4cb, org.springframework.security.web.context.SecurityContextHolderFilter@17db90a7, org.springframework.security.web.header.HeaderWriterFilter@1106a9cc, org.springframework.security.web.authentication.logout.LogoutFilter@c53dfb2, com.pblgllgs.album.filters.AuthorizationFilter@8616368, org.springframework.security.web.savedrequest.RequestCacheAwareFilter@4ebe6c24, org.springframework.security.web.servletapi.SecurityContextHolderAwareRequestFilter@23ba2c1e, org.springframework.security.web.authentication.AnonymousAuthenticationFilter@c4fc610, org.springframework.security.web.session.SessionManagementFilter@7bb50747, org.springframework.security.web.access.ExceptionTranslationFilter@79de00af, org.springframework.security.web.access.intercept.AuthorizationFilter@54d62c35]
2023-11-10T03:15:35.696-03:00  INFO 6840 --- [main] o.s.cloud.commons.util.InetUtils         : Cannot determine local hostname
2023-11-10T03:15:37.076-03:00  INFO 6840 --- [main] o.s.cloud.commons.util.InetUtils         : Cannot determine local hostname
2023-11-10T03:15:37.083-03:00  INFO 6840 --- [main] DiscoveryClientOptionalArgsConfiguration : Eureka HTTP Client uses RestTemplate.
2023-11-10T03:15:37.110-03:00  WARN 6840 --- [main] iguration$LoadBalancerCaffeineWarnLogger : Spring Cloud LoadBalancer is currently working with the default cache. While this cache implementation is useful for development and tests, it's recommended to use Caffeine cache in production.You can switch to using Caffeine cache, by adding it and org.springframework.cache.caffeine.CaffeineCacheManager to the classpath.
2023-11-10T03:15:37.115-03:00  INFO 6840 --- [main] o.s.b.a.e.web.EndpointLinksResolver      : Exposing 1 endpoint(s) beneath base path '/actuator'
2023-11-10T03:15:37.179-03:00  INFO 6840 --- [main] o.s.c.n.eureka.InstanceInfoFactory       : Setting initial instance status as: STARTING
2023-11-10T03:15:37.212-03:00  INFO 6840 --- [main] com.netflix.discovery.DiscoveryClient    : Initializing Eureka in region us-east-1
2023-11-10T03:15:37.214-03:00  INFO 6840 --- [main] c.n.d.s.r.aws.ConfigClusterResolver      : Resolving eureka endpoints via configuration
2023-11-10T03:15:37.233-03:00  INFO 6840 --- [main] com.netflix.discovery.DiscoveryClient    : Disable delta property : false
2023-11-10T03:15:37.233-03:00  INFO 6840 --- [main] com.netflix.discovery.DiscoveryClient    : Single vip registry refresh property : null
2023-11-10T03:15:37.233-03:00  INFO 6840 --- [main] com.netflix.discovery.DiscoveryClient    : Force full registry fetch : false
2023-11-10T03:15:37.233-03:00  INFO 6840 --- [main] com.netflix.discovery.DiscoveryClient    : Application is null : false
2023-11-10T03:15:37.233-03:00  INFO 6840 --- [main] com.netflix.discovery.DiscoveryClient    : Registered Applications size is zero : true
2023-11-10T03:15:37.233-03:00  INFO 6840 --- [main] com.netflix.discovery.DiscoveryClient    : Application version is -1: true
2023-11-10T03:15:37.233-03:00  INFO 6840 --- [main] com.netflix.discovery.DiscoveryClient    : Getting all instance registry info from the eureka server
2023-11-10T03:15:37.396-03:00  INFO 6840 --- [main] com.netflix.discovery.DiscoveryClient    : The response status is 200
2023-11-10T03:15:37.400-03:00  INFO 6840 --- [main] com.netflix.discovery.DiscoveryClient    : Starting heartbeat executor: renew interval is: 30
2023-11-10T03:15:37.404-03:00  INFO 6840 --- [main] c.n.discovery.InstanceInfoReplicator     : InstanceInfoReplicator onDemand update allowed rate per min is 4
2023-11-10T03:15:37.412-03:00  INFO 6840 --- [main] com.netflix.discovery.DiscoveryClient    : Discovery Client initialized at timestamp 1699596937411 with initial instances count: 2
2023-11-10T03:15:37.414-03:00  INFO 6840 --- [main] o.s.c.n.e.s.EurekaServiceRegistry        : Registering application ALBUMS-WS with eureka with status UP
2023-11-10T03:15:37.415-03:00  INFO 6840 --- [main] com.netflix.discovery.DiscoveryClient    : Saw local status change event StatusChangeEvent [timestamp=1699596937415, current=UP, previous=STARTING]
2023-11-10T03:15:37.416-03:00  INFO 6840 --- [DiscoveryClient-InstanceInfoReplicator-0] com.netflix.discovery.DiscoveryClient    : DiscoveryClient_ALBUMS-WS/albums-ws:ad8d508f8cb95834e5a67f4b86e48bda: registering service...
2023-11-10T03:15:37.431-03:00  INFO 6840 --- [main] o.s.b.w.embedded.tomcat.TomcatWebServer  : Tomcat started on port(s): 8081 (http) with context path ''
2023-11-10T03:15:37.431-03:00  INFO 6840 --- [main] .s.c.n.e.s.EurekaAutoServiceRegistration : Updating port to 8081
2023-11-10T03:15:37.443-03:00  INFO 6840 --- [DiscoveryClient-InstanceInfoReplicator-0] com.netflix.discovery.DiscoveryClient    : DiscoveryClient_ALBUMS-WS/albums-ws:ad8d508f8cb95834e5a67f4b86e48bda - registration status: 204
2023-11-10T03:15:38.601-03:00  INFO 6840 --- [main] o.s.cloud.commons.util.InetUtils         : Cannot determine local hostname
2023-11-10T03:15:38.613-03:00  INFO 6840 --- [main] c.p.album.AlbumServiceApplication        : Started AlbumServiceApplication in 11.012 seconds (process running for 11.464)
2023-11-10T03:15:38.613-03:00  INFO 6840 --- [SpringApplicationShutdownHook] o.s.c.n.e.s.EurekaServiceRegistry        : Unregistering application ALBUMS-WS with eureka with status DOWN
2023-11-10T03:15:38.614-03:00  INFO 6840 --- [SpringApplicationShutdownHook] com.netflix.discovery.DiscoveryClient    : Saw local status change event StatusChangeEvent [timestamp=1699596938614, current=DOWN, previous=UP]
2023-11-10T03:15:38.614-03:00  INFO 6840 --- [DiscoveryClient-InstanceInfoReplicator-0] com.netflix.discovery.DiscoveryClient    : DiscoveryClient_ALBUMS-WS/albums-ws:ad8d508f8cb95834e5a67f4b86e48bda: registering service...
2023-11-10T03:15:38.619-03:00  INFO 6840 --- [DiscoveryClient-InstanceInfoReplicator-0] com.netflix.discovery.DiscoveryClient    : DiscoveryClient_ALBUMS-WS/albums-ws:ad8d508f8cb95834e5a67f4b86e48bda - registration status: 204
2023-11-10T03:15:38.635-03:00  INFO 6840 --- [SpringApplicationShutdownHook] j.LocalContainerEntityManagerFactoryBean : Closing JPA EntityManagerFactory for persistence unit 'default'
2023-11-10T03:15:38.636-03:00  INFO 6840 --- [SpringApplicationShutdownHook] com.zaxxer.hikari.HikariDataSource       : HikariPool-1 - Shutdown initiated...
2023-11-10T03:15:38.638-03:00  INFO 6840 --- [SpringApplicationShutdownHook] com.zaxxer.hikari.HikariDataSource       : HikariPool-1 - Shutdown completed.
2023-11-10T03:15:38.638-03:00  INFO 6840 --- [SpringApplicationShutdownHook] com.netflix.discovery.DiscoveryClient    : Shutting down DiscoveryClient ...
2023-11-10T03:15:41.644-03:00  INFO 6840 --- [SpringApplicationShutdownHook] com.netflix.discovery.DiscoveryClient    : Unregistering ...
2023-11-10T03:15:41.650-03:00  INFO 6840 --- [SpringApplicationShutdownHook] com.netflix.discovery.DiscoveryClient    : DiscoveryClient_ALBUMS-WS/albums-ws:ad8d508f8cb95834e5a67f4b86e48bda - deregister  status: 200
2023-11-10T03:15:41.682-03:00  INFO 6840 --- [SpringApplicationShutdownHook] com.netflix.discovery.DiscoveryClient    : Completed shut down of DiscoveryClient
